This file contains any messages produced by compilers while
running configure, to aid debugging if configure makes a mistake.

It was created by libupnp configure 1.3.1, which was
generated by GNU Autoconf 2.59.  Invocation command line was

  $ ./configure --enable-debug --host=mipsel-openwrt-linux CC=mipsel-openwrt-linux-gcc --prefix=/home/fan/test/mtksdk/RT288x_SDK/source/user/wsc_upnp/libupnp-1.3.1/

## --------- ##
## Platform. ##
## --------- ##

hostname = ubuntu
uname -m = x86_64
uname -r = 4.15.0-34-generic
uname -s = Linux
uname -v = #37~16.04.1-Ubuntu SMP Tue Aug 28 10:44:06 UTC 2018

/usr/bin/uname -p = unknown
/bin/uname -X     = unknown

/bin/arch              = unknown
/usr/bin/arch -k       = unknown
/usr/convex/getsysinfo = unknown
hostinfo               = unknown
/bin/machine           = unknown
/usr/bin/oslevel       = unknown
/bin/universe          = unknown

PATH: /home/fan/qz_proj/audio_dongle/openwrt/staging_dir/toolchain-mipsel_24kec+dsp_gcc-4.8-linaro_uClibc-0.9.33.2/bin
PATH: /home/fan/qz_proj/audio_dongle/openwrt/staging_dir/toolchain-mipsel_24kec+dsp_gcc-4.8-linaro_uClibc-0.9.33.2/bin
PATH: /home/fan/.npm-global/bin
PATH: /home/fan/bin
PATH: /home/fan/.local/bin
PATH: /usr/local/sbin
PATH: /usr/local/bin
PATH: /usr/sbin
PATH: /usr/bin
PATH: /sbin
PATH: /bin
PATH: /usr/games
PATH: /usr/local/games
PATH: /snap/bin


## ----------- ##
## Core tests. ##
## ----------- ##

configure:1591: checking for a BSD-compatible install
configure:1646: result: /usr/bin/install -c
configure:1657: checking whether build environment is sane
configure:1700: result: yes
configure:1765: checking for gawk
configure:1781: found /usr/bin/gawk
configure:1791: result: gawk
configure:1801: checking whether make sets $(MAKE)
configure:1821: result: yes
configure:1897: checking for mipsel-openwrt-linux-strip
configure:1913: found /home/fan/qz_proj/audio_dongle/openwrt/staging_dir/toolchain-mipsel_24kec+dsp_gcc-4.8-linaro_uClibc-0.9.33.2/bin/mipsel-openwrt-linux-strip
configure:1923: result: mipsel-openwrt-linux-strip
configure:2035: checking for --enable-debug
configure:2043: result: yes
configure:2085: checking for --enable-client
configure:2093: result: yes
configure:2115: checking for --enable-device
configure:2123: result: yes
configure:2148: checking for --enable-webserver
configure:2156: result: yes
configure:2189: checking for --enable-tools
configure:2197: result: yes
configure:2230: checking for mipsel-openwrt-linux-gcc
configure:2256: result: mipsel-openwrt-linux-gcc
configure:2538: checking for C compiler version
configure:2541: mipsel-openwrt-linux-gcc --version </dev/null >&5
mipsel-openwrt-linux-gcc (OpenWrt/Linaro GCC 4.8-2014.04 unknown) 4.8.3
Copyright (C) 2013 Free Software Foundation, Inc.
This is free software; see the source for copying conditions.  There is NO
warranty; not even for MERCHANTABILITY or FITNESS FOR A PARTICULAR PURPOSE.

configure:2544: $? = 0
configure:2546: mipsel-openwrt-linux-gcc -v </dev/null >&5
Reading specs from /home/fan/qz_proj/audio_dongle/openwrt/staging_dir/toolchain-mipsel_24kec+dsp_gcc-4.8-linaro_uClibc-0.9.33.2/lib/gcc/mipsel-openwrt-linux-uclibc/4.8.3/specs
COLLECT_GCC=mipsel-openwrt-linux-gcc
COLLECT_LTO_WRAPPER=/home/fan/qz_proj/audio_dongle/openwrt/staging_dir/toolchain-mipsel_24kec+dsp_gcc-4.8-linaro_uClibc-0.9.33.2/libexec/gcc/mipsel-openwrt-linux-uclibc/4.8.3/lto-wrapper
Target: mipsel-openwrt-linux-uclibc
Configured with: /home/fan/qz_proj/audio_dongle/openwrt/build_dir/toolchain-mipsel_24kec+dsp_gcc-4.8-linaro_uClibc-0.9.33.2/gcc-linaro-4.8-2014.04/configure --with-bugurl=https://dev.openwrt.org/ --with-pkgversion='OpenWrt/Linaro GCC 4.8-2014.04 unknown' --prefix=/home/fan/qz_proj/audio_dongle/openwrt/staging_dir/toolchain-mipsel_24kec+dsp_gcc-4.8-linaro_uClibc-0.9.33.2 --build=x86_64-linux-gnu --host=x86_64-linux-gnu --target=mipsel-openwrt-linux-uclibc --with-gnu-ld --enable-target-optspace --disable-libgomp --disable-libmudflap --disable-multilib --disable-nls --with-host-libstdcxx=-lstdc++ --with-float=soft --with-gmp=/home/fan/qz_proj/audio_dongle/openwrt/staging_dir/host --with-mpfr=/home/fan/qz_proj/audio_dongle/openwrt/staging_dir/host --with-mpc=/home/fan/qz_proj/audio_dongle/openwrt/staging_dir/host --disable-decimal-float --with-mips-plt --disable-libssp --disable-__cxa_atexit --with-headers=/home/fan/qz_proj/audio_dongle/openwrt/staging_dir/toolchain-mipsel_24kec+dsp_gcc-4.8-linaro_uClibc-0.9.33.2/include --disable-libsanitizer --enable-languages=c,c++ --enable-shared --enable-threads --with-slibdir=/home/fan/qz_proj/audio_dongle/openwrt/staging_dir/toolchain-mipsel_24kec+dsp_gcc-4.8-linaro_uClibc-0.9.33.2/lib
Thread model: posix
gcc version 4.8.3 (OpenWrt/Linaro GCC 4.8-2014.04 unknown) 
configure:2549: $? = 0
configure:2551: mipsel-openwrt-linux-gcc -V </dev/null >&5
mipsel-openwrt-linux-gcc: error: unrecognized command line option '-V'
mipsel-openwrt-linux-gcc: fatal error: no input files
compilation terminated.
configure:2554: $? = 1
configure:2577: checking for C compiler default output file name
configure:2580: mipsel-openwrt-linux-gcc    conftest.c  >&5
configure:2583: $? = 0
configure:2629: result: a.out
configure:2634: checking whether the C compiler works
configure:2640: ./a.out
./configure: line 2641: ./a.out: cannot execute binary file: Exec format error
configure:2643: $? = 126
configure:2660: result: yes
configure:2667: checking whether we are cross compiling
configure:2669: result: yes
configure:2672: checking for suffix of executables
configure:2674: mipsel-openwrt-linux-gcc -o conftest    conftest.c  >&5
configure:2677: $? = 0
configure:2702: result: 
configure:2708: checking for suffix of object files
configure:2729: mipsel-openwrt-linux-gcc -c   conftest.c >&5
configure:2732: $? = 0
configure:2754: result: o
configure:2758: checking whether we are using the GNU C compiler
configure:2782: mipsel-openwrt-linux-gcc -c   conftest.c >&5
configure:2788: $? = 0
configure:2792: test -z 
			 || test ! -s conftest.err
configure:2795: $? = 0
configure:2798: test -s conftest.o
configure:2801: $? = 0
configure:2814: result: yes
configure:2820: checking whether mipsel-openwrt-linux-gcc accepts -g
configure:2841: mipsel-openwrt-linux-gcc -c -g  conftest.c >&5
configure:2847: $? = 0
configure:2851: test -z 
			 || test ! -s conftest.err
configure:2854: $? = 0
configure:2857: test -s conftest.o
configure:2860: $? = 0
configure:2871: result: yes
configure:2888: checking for mipsel-openwrt-linux-gcc option to accept ANSI C
configure:2958: mipsel-openwrt-linux-gcc  -c -g -O2  conftest.c >&5
configure:2964: $? = 0
configure:2968: test -z 
			 || test ! -s conftest.err
configure:2971: $? = 0
configure:2974: test -s conftest.o
configure:2977: $? = 0
configure:2995: result: none needed
configure:3013: mipsel-openwrt-linux-gcc -c -g -O2  conftest.c >&5
conftest.c:2:3: error: unknown type name 'choke'
   choke me
   ^
conftest.c:2:3: error: expected '=', ',', ';', 'asm' or '__attribute__' at end of input
configure:3019: $? = 1
configure: failed program was:
| #ifndef __cplusplus
|   choke me
| #endif
configure:3163: checking for style of include used by make
configure:3191: result: GNU
configure:3219: checking dependency style of mipsel-openwrt-linux-gcc
configure:3309: result: gcc3
configure:3327: checking whether mipsel-openwrt-linux-gcc and cc understand -c and -o together
configure:3357: mipsel-openwrt-linux-gcc -c conftest.c -o conftest.o >&5
configure:3360: $? = 0
configure:3362: mipsel-openwrt-linux-gcc -c conftest.c -o conftest.o >&5
configure:3365: $? = 0
configure:3372: cc -c conftest.c >&5
configure:3375: $? = 0
configure:3378: cc -c conftest.c -o conftest.o >&5
configure:3381: $? = 0
configure:3383: cc -c conftest.c -o conftest.o >&5
configure:3386: $? = 0
configure:3404: result: yes
configure:3507: checking build system type
configure:3525: result: x86_64-unknown-linux-gnu
configure:3533: checking host system type
configure:3547: result: mipsel-openwrt-linux-gnu
configure:3555: checking for a sed that does not truncate output
configure:3611: result: /bin/sed
configure:3614: checking for egrep
configure:3624: result: grep -E
configure:3640: checking for ld used by mipsel-openwrt-linux-gcc
configure:3707: result: /home/fan/qz_proj/audio_dongle/openwrt/staging_dir/toolchain-mipsel_24kec+dsp_gcc-4.8-linaro_uClibc-0.9.33.2/mipsel-openwrt-linux-uclibc/bin/ld
configure:3716: checking if the linker (/home/fan/qz_proj/audio_dongle/openwrt/staging_dir/toolchain-mipsel_24kec+dsp_gcc-4.8-linaro_uClibc-0.9.33.2/mipsel-openwrt-linux-uclibc/bin/ld) is GNU ld
configure:3731: result: yes
configure:3736: checking for /home/fan/qz_proj/audio_dongle/openwrt/staging_dir/toolchain-mipsel_24kec+dsp_gcc-4.8-linaro_uClibc-0.9.33.2/mipsel-openwrt-linux-uclibc/bin/ld option to reload object files
configure:3743: result: -r
configure:3761: checking for BSD-compatible nm
configure:3810: result: /home/fan/qz_proj/audio_dongle/openwrt/staging_dir/toolchain-mipsel_24kec+dsp_gcc-4.8-linaro_uClibc-0.9.33.2/bin/mipsel-openwrt-linux-nm -B
configure:3814: checking whether ln -s works
configure:3818: result: yes
configure:3825: checking how to recognise dependent libraries
configure:4001: result: pass_all
configure:4238: checking how to run the C preprocessor
configure:4273: mipsel-openwrt-linux-gcc -E  conftest.c
configure:4279: $? = 0
configure:4311: mipsel-openwrt-linux-gcc -E  conftest.c
conftest.c:21:28: fatal error: ac_nonexistent.h: No such file or directory
 #include <ac_nonexistent.h>
                            ^
compilation terminated.
configure:4317: $? = 1
configure: failed program was:
| /* confdefs.h.  */
| 
| #define PACKAGE_NAME "libupnp"
| #define PACKAGE_TARNAME "libupnp"
| #define PACKAGE_VERSION "1.3.1"
| #define PACKAGE_STRING "libupnp 1.3.1"
| #define PACKAGE_BUGREPORT "r3mi@users.sourceforge.net"
| #define PACKAGE "libupnp"
| #define VERSION "1.3.1"
| #define UPNP_VERSION_STRING "1.3.1"
| #define UPNP_VERSION_MAJOR 1
| #define UPNP_VERSION_MINOR 3
| #define UPNP_VERSION_PATCH 1
| #define UPNP_HAVE_DEBUG 1
| #define DEBUG 1
| #define UPNP_HAVE_CLIENT 1
| #define UPNP_HAVE_DEVICE 1
| #define UPNP_HAVE_WEBSERVER 1
| #define UPNP_HAVE_TOOLS 1
| /* end confdefs.h.  */
| #include <ac_nonexistent.h>
configure:4356: result: mipsel-openwrt-linux-gcc -E
configure:4380: mipsel-openwrt-linux-gcc -E  conftest.c
configure:4386: $? = 0
configure:4418: mipsel-openwrt-linux-gcc -E  conftest.c
conftest.c:21:28: fatal error: ac_nonexistent.h: No such file or directory
 #include <ac_nonexistent.h>
                            ^
compilation terminated.
configure:4424: $? = 1
configure: failed program was:
| /* confdefs.h.  */
| 
| #define PACKAGE_NAME "libupnp"
| #define PACKAGE_TARNAME "libupnp"
| #define PACKAGE_VERSION "1.3.1"
| #define PACKAGE_STRING "libupnp 1.3.1"
| #define PACKAGE_BUGREPORT "r3mi@users.sourceforge.net"
| #define PACKAGE "libupnp"
| #define VERSION "1.3.1"
| #define UPNP_VERSION_STRING "1.3.1"
| #define UPNP_VERSION_MAJOR 1
| #define UPNP_VERSION_MINOR 3
| #define UPNP_VERSION_PATCH 1
| #define UPNP_HAVE_DEBUG 1
| #define DEBUG 1
| #define UPNP_HAVE_CLIENT 1
| #define UPNP_HAVE_DEVICE 1
| #define UPNP_HAVE_WEBSERVER 1
| #define UPNP_HAVE_TOOLS 1
| /* end confdefs.h.  */
| #include <ac_nonexistent.h>
configure:4468: checking for ANSI C header files
configure:4493: mipsel-openwrt-linux-gcc -c -g -O2  conftest.c >&5
configure:4499: $? = 0
configure:4503: test -z 
			 || test ! -s conftest.err
configure:4506: $? = 0
configure:4509: test -s conftest.o
configure:4512: $? = 0
configure:4624: result: yes
configure:4648: checking for sys/types.h
configure:4664: mipsel-openwrt-linux-gcc -c -g -O2  conftest.c >&5
configure:4670: $? = 0
configure:4674: test -z 
			 || test ! -s conftest.err
configure:4677: $? = 0
configure:4680: test -s conftest.o
configure:4683: $? = 0
configure:4694: result: yes
configure:4648: checking for sys/stat.h
configure:4664: mipsel-openwrt-linux-gcc -c -g -O2  conftest.c >&5
configure:4670: $? = 0
configure:4674: test -z 
			 || test ! -s conftest.err
configure:4677: $? = 0
configure:4680: test -s conftest.o
configure:4683: $? = 0
configure:4694: result: yes
configure:4648: checking for stdlib.h
configure:4664: mipsel-openwrt-linux-gcc -c -g -O2  conftest.c >&5
configure:4670: $? = 0
configure:4674: test -z 
			 || test ! -s conftest.err
configure:4677: $? = 0
configure:4680: test -s conftest.o
configure:4683: $? = 0
configure:4694: result: yes
configure:4648: checking for string.h
configure:4664: mipsel-openwrt-linux-gcc -c -g -O2  conftest.c >&5
configure:4670: $? = 0
configure:4674: test -z 
			 || test ! -s conftest.err
configure:4677: $? = 0
configure:4680: test -s conftest.o
configure:4683: $? = 0
configure:4694: result: yes
configure:4648: checking for memory.h
configure:4664: mipsel-openwrt-linux-gcc -c -g -O2  conftest.c >&5
configure:4670: $? = 0
configure:4674: test -z 
			 || test ! -s conftest.err
configure:4677: $? = 0
configure:4680: test -s conftest.o
configure:4683: $? = 0
configure:4694: result: yes
configure:4648: checking for strings.h
configure:4664: mipsel-openwrt-linux-gcc -c -g -O2  conftest.c >&5
configure:4670: $? = 0
configure:4674: test -z 
			 || test ! -s conftest.err
configure:4677: $? = 0
configure:4680: test -s conftest.o
configure:4683: $? = 0
configure:4694: result: yes
configure:4648: checking for inttypes.h
configure:4664: mipsel-openwrt-linux-gcc -c -g -O2  conftest.c >&5
configure:4670: $? = 0
configure:4674: test -z 
			 || test ! -s conftest.err
configure:4677: $? = 0
configure:4680: test -s conftest.o
configure:4683: $? = 0
configure:4694: result: yes
configure:4648: checking for stdint.h
configure:4664: mipsel-openwrt-linux-gcc -c -g -O2  conftest.c >&5
configure:4670: $? = 0
configure:4674: test -z 
			 || test ! -s conftest.err
configure:4677: $? = 0
configure:4680: test -s conftest.o
configure:4683: $? = 0
configure:4694: result: yes
configure:4648: checking for unistd.h
configure:4664: mipsel-openwrt-linux-gcc -c -g -O2  conftest.c >&5
configure:4670: $? = 0
configure:4674: test -z 
			 || test ! -s conftest.err
configure:4677: $? = 0
configure:4680: test -s conftest.o
configure:4683: $? = 0
configure:4694: result: yes
configure:4720: checking dlfcn.h usability
configure:4732: mipsel-openwrt-linux-gcc -c -g -O2  conftest.c >&5
configure:4738: $? = 0
configure:4742: test -z 
			 || test ! -s conftest.err
configure:4745: $? = 0
configure:4748: test -s conftest.o
configure:4751: $? = 0
configure:4761: result: yes
configure:4765: checking dlfcn.h presence
configure:4775: mipsel-openwrt-linux-gcc -E  conftest.c
configure:4781: $? = 0
configure:4801: result: yes
configure:4836: checking for dlfcn.h
configure:4843: result: yes
configure:4866: checking for mipsel-openwrt-linux-g++
configure:4882: found /home/fan/qz_proj/audio_dongle/openwrt/staging_dir/toolchain-mipsel_24kec+dsp_gcc-4.8-linaro_uClibc-0.9.33.2/bin/mipsel-openwrt-linux-g++
configure:4892: result: mipsel-openwrt-linux-g++
configure:4950: checking for C++ compiler version
configure:4953: mipsel-openwrt-linux-g++ --version </dev/null >&5
mipsel-openwrt-linux-g++ (OpenWrt/Linaro GCC 4.8-2014.04 unknown) 4.8.3
Copyright (C) 2013 Free Software Foundation, Inc.
This is free software; see the source for copying conditions.  There is NO
warranty; not even for MERCHANTABILITY or FITNESS FOR A PARTICULAR PURPOSE.

configure:4956: $? = 0
configure:4958: mipsel-openwrt-linux-g++ -v </dev/null >&5
Reading specs from /home/fan/qz_proj/audio_dongle/openwrt/staging_dir/toolchain-mipsel_24kec+dsp_gcc-4.8-linaro_uClibc-0.9.33.2/lib/gcc/mipsel-openwrt-linux-uclibc/4.8.3/specs
COLLECT_GCC=mipsel-openwrt-linux-g++
COLLECT_LTO_WRAPPER=/home/fan/qz_proj/audio_dongle/openwrt/staging_dir/toolchain-mipsel_24kec+dsp_gcc-4.8-linaro_uClibc-0.9.33.2/libexec/gcc/mipsel-openwrt-linux-uclibc/4.8.3/lto-wrapper
Target: mipsel-openwrt-linux-uclibc
Configured with: /home/fan/qz_proj/audio_dongle/openwrt/build_dir/toolchain-mipsel_24kec+dsp_gcc-4.8-linaro_uClibc-0.9.33.2/gcc-linaro-4.8-2014.04/configure --with-bugurl=https://dev.openwrt.org/ --with-pkgversion='OpenWrt/Linaro GCC 4.8-2014.04 unknown' --prefix=/home/fan/qz_proj/audio_dongle/openwrt/staging_dir/toolchain-mipsel_24kec+dsp_gcc-4.8-linaro_uClibc-0.9.33.2 --build=x86_64-linux-gnu --host=x86_64-linux-gnu --target=mipsel-openwrt-linux-uclibc --with-gnu-ld --enable-target-optspace --disable-libgomp --disable-libmudflap --disable-multilib --disable-nls --with-host-libstdcxx=-lstdc++ --with-float=soft --with-gmp=/home/fan/qz_proj/audio_dongle/openwrt/staging_dir/host --with-mpfr=/home/fan/qz_proj/audio_dongle/openwrt/staging_dir/host --with-mpc=/home/fan/qz_proj/audio_dongle/openwrt/staging_dir/host --disable-decimal-float --with-mips-plt --disable-libssp --disable-__cxa_atexit --with-headers=/home/fan/qz_proj/audio_dongle/openwrt/staging_dir/toolchain-mipsel_24kec+dsp_gcc-4.8-linaro_uClibc-0.9.33.2/include --disable-libsanitizer --enable-languages=c,c++ --enable-shared --enable-threads --with-slibdir=/home/fan/qz_proj/audio_dongle/openwrt/staging_dir/toolchain-mipsel_24kec+dsp_gcc-4.8-linaro_uClibc-0.9.33.2/lib
Thread model: posix
gcc version 4.8.3 (OpenWrt/Linaro GCC 4.8-2014.04 unknown) 
configure:4961: $? = 0
configure:4963: mipsel-openwrt-linux-g++ -V </dev/null >&5
mipsel-openwrt-linux-g++: error: unrecognized command line option '-V'
mipsel-openwrt-linux-g++: fatal error: no input files
compilation terminated.
configure:4966: $? = 1
configure:4969: checking whether we are using the GNU C++ compiler
configure:4993: mipsel-openwrt-linux-g++ -c   conftest.cc >&5
configure:4999: $? = 0
configure:5003: test -z 
			 || test ! -s conftest.err
configure:5006: $? = 0
configure:5009: test -s conftest.o
configure:5012: $? = 0
configure:5025: result: yes
configure:5031: checking whether mipsel-openwrt-linux-g++ accepts -g
configure:5052: mipsel-openwrt-linux-g++ -c -g  conftest.cc >&5
configure:5058: $? = 0
configure:5062: test -z 
			 || test ! -s conftest.err
configure:5065: $? = 0
configure:5068: test -s conftest.o
configure:5071: $? = 0
configure:5082: result: yes
configure:5124: mipsel-openwrt-linux-g++ -c -g -O2  conftest.cc >&5
configure:5130: $? = 0
configure:5134: test -z 
			 || test ! -s conftest.err
configure:5137: $? = 0
configure:5140: test -s conftest.o
configure:5143: $? = 0
configure:5169: mipsel-openwrt-linux-g++ -c -g -O2  conftest.cc >&5
conftest.cc: In function 'int main()':
conftest.cc:36:9: error: 'exit' was not declared in this scope
 exit (42);
         ^
configure:5175: $? = 1
configure: failed program was:
| /* confdefs.h.  */
| 
| #define PACKAGE_NAME "libupnp"
| #define PACKAGE_TARNAME "libupnp"
| #define PACKAGE_VERSION "1.3.1"
| #define PACKAGE_STRING "libupnp 1.3.1"
| #define PACKAGE_BUGREPORT "r3mi@users.sourceforge.net"
| #define PACKAGE "libupnp"
| #define VERSION "1.3.1"
| #define UPNP_VERSION_STRING "1.3.1"
| #define UPNP_VERSION_MAJOR 1
| #define UPNP_VERSION_MINOR 3
| #define UPNP_VERSION_PATCH 1
| #define UPNP_HAVE_DEBUG 1
| #define DEBUG 1
| #define UPNP_HAVE_CLIENT 1
| #define UPNP_HAVE_DEVICE 1
| #define UPNP_HAVE_WEBSERVER 1
| #define UPNP_HAVE_TOOLS 1
| #define STDC_HEADERS 1
| #define HAVE_SYS_TYPES_H 1
| #define HAVE_SYS_STAT_H 1
| #define HAVE_STDLIB_H 1
| #define HAVE_STRING_H 1
| #define HAVE_MEMORY_H 1
| #define HAVE_STRINGS_H 1
| #define HAVE_INTTYPES_H 1
| #define HAVE_STDINT_H 1
| #define HAVE_UNISTD_H 1
| #define HAVE_DLFCN_H 1
| /* end confdefs.h.  */
| 
| int
| main ()
| {
| exit (42);
|   ;
|   return 0;
| }
configure:5124: mipsel-openwrt-linux-g++ -c -g -O2  conftest.cc >&5
conftest.cc:32:40: error: 'void std::exit(int)' should have been declared inside 'std'
 extern "C" void std::exit (int) throw (); using std::exit;
                                        ^
configure:5130: $? = 1
configure: failed program was:
| /* confdefs.h.  */
| 
| #define PACKAGE_NAME "libupnp"
| #define PACKAGE_TARNAME "libupnp"
| #define PACKAGE_VERSION "1.3.1"
| #define PACKAGE_STRING "libupnp 1.3.1"
| #define PACKAGE_BUGREPORT "r3mi@users.sourceforge.net"
| #define PACKAGE "libupnp"
| #define VERSION "1.3.1"
| #define UPNP_VERSION_STRING "1.3.1"
| #define UPNP_VERSION_MAJOR 1
| #define UPNP_VERSION_MINOR 3
| #define UPNP_VERSION_PATCH 1
| #define UPNP_HAVE_DEBUG 1
| #define DEBUG 1
| #define UPNP_HAVE_CLIENT 1
| #define UPNP_HAVE_DEVICE 1
| #define UPNP_HAVE_WEBSERVER 1
| #define UPNP_HAVE_TOOLS 1
| #define STDC_HEADERS 1
| #define HAVE_SYS_TYPES_H 1
| #define HAVE_SYS_STAT_H 1
| #define HAVE_STDLIB_H 1
| #define HAVE_STRING_H 1
| #define HAVE_MEMORY_H 1
| #define HAVE_STRINGS_H 1
| #define HAVE_INTTYPES_H 1
| #define HAVE_STDINT_H 1
| #define HAVE_UNISTD_H 1
| #define HAVE_DLFCN_H 1
| /* end confdefs.h.  */
| extern "C" void std::exit (int) throw (); using std::exit;
| #include <stdlib.h>
| int
| main ()
| {
| exit (42);
|   ;
|   return 0;
| }
configure:5124: mipsel-openwrt-linux-g++ -c -g -O2  conftest.cc >&5
conftest.cc:32:31: error: 'void std::exit(int)' should have been declared inside 'std'
 extern "C" void std::exit (int); using std::exit;
                               ^
In file included from conftest.cc:33:0:
/home/fan/qz_proj/audio_dongle/openwrt/staging_dir/toolchain-mipsel_24kec+dsp_gcc-4.8-linaro_uClibc-0.9.33.2/include/stdlib.h:532:70: error: declaration of 'void std::exit(int) throw ()' has a different exception specifier
 extern void exit (int __status) __THROW __attribute__ ((__noreturn__));
                                                                      ^
conftest.cc:32:17: error: from previous declaration 'void std::exit(int)'
 extern "C" void std::exit (int); using std::exit;
                 ^
configure:5130: $? = 1
configure: failed program was:
| /* confdefs.h.  */
| 
| #define PACKAGE_NAME "libupnp"
| #define PACKAGE_TARNAME "libupnp"
| #define PACKAGE_VERSION "1.3.1"
| #define PACKAGE_STRING "libupnp 1.3.1"
| #define PACKAGE_BUGREPORT "r3mi@users.sourceforge.net"
| #define PACKAGE "libupnp"
| #define VERSION "1.3.1"
| #define UPNP_VERSION_STRING "1.3.1"
| #define UPNP_VERSION_MAJOR 1
| #define UPNP_VERSION_MINOR 3
| #define UPNP_VERSION_PATCH 1
| #define UPNP_HAVE_DEBUG 1
| #define DEBUG 1
| #define UPNP_HAVE_CLIENT 1
| #define UPNP_HAVE_DEVICE 1
| #define UPNP_HAVE_WEBSERVER 1
| #define UPNP_HAVE_TOOLS 1
| #define STDC_HEADERS 1
| #define HAVE_SYS_TYPES_H 1
| #define HAVE_SYS_STAT_H 1
| #define HAVE_STDLIB_H 1
| #define HAVE_STRING_H 1
| #define HAVE_MEMORY_H 1
| #define HAVE_STRINGS_H 1
| #define HAVE_INTTYPES_H 1
| #define HAVE_STDINT_H 1
| #define HAVE_UNISTD_H 1
| #define HAVE_DLFCN_H 1
| /* end confdefs.h.  */
| extern "C" void std::exit (int); using std::exit;
| #include <stdlib.h>
| int
| main ()
| {
| exit (42);
|   ;
|   return 0;
| }
configure:5124: mipsel-openwrt-linux-g++ -c -g -O2  conftest.cc >&5
configure:5130: $? = 0
configure:5134: test -z 
			 || test ! -s conftest.err
configure:5137: $? = 0
configure:5140: test -s conftest.o
configure:5143: $? = 0
configure:5169: mipsel-openwrt-linux-g++ -c -g -O2  conftest.cc >&5
configure:5175: $? = 0
configure:5179: test -z 
			 || test ! -s conftest.err
configure:5182: $? = 0
configure:5185: test -s conftest.o
configure:5188: $? = 0
configure:5213: checking dependency style of mipsel-openwrt-linux-g++
configure:5303: result: gcc3
configure:5330: checking how to run the C++ preprocessor
configure:5361: mipsel-openwrt-linux-g++ -E  conftest.cc
configure:5367: $? = 0
configure:5399: mipsel-openwrt-linux-g++ -E  conftest.cc
conftest.cc:35:28: fatal error: ac_nonexistent.h: No such file or directory
 #include <ac_nonexistent.h>
                            ^
compilation terminated.
configure:5405: $? = 1
configure: failed program was:
| /* confdefs.h.  */
| 
| #define PACKAGE_NAME "libupnp"
| #define PACKAGE_TARNAME "libupnp"
| #define PACKAGE_VERSION "1.3.1"
| #define PACKAGE_STRING "libupnp 1.3.1"
| #define PACKAGE_BUGREPORT "r3mi@users.sourceforge.net"
| #define PACKAGE "libupnp"
| #define VERSION "1.3.1"
| #define UPNP_VERSION_STRING "1.3.1"
| #define UPNP_VERSION_MAJOR 1
| #define UPNP_VERSION_MINOR 3
| #define UPNP_VERSION_PATCH 1
| #define UPNP_HAVE_DEBUG 1
| #define DEBUG 1
| #define UPNP_HAVE_CLIENT 1
| #define UPNP_HAVE_DEVICE 1
| #define UPNP_HAVE_WEBSERVER 1
| #define UPNP_HAVE_TOOLS 1
| #define STDC_HEADERS 1
| #define HAVE_SYS_TYPES_H 1
| #define HAVE_SYS_STAT_H 1
| #define HAVE_STDLIB_H 1
| #define HAVE_STRING_H 1
| #define HAVE_MEMORY_H 1
| #define HAVE_STRINGS_H 1
| #define HAVE_INTTYPES_H 1
| #define HAVE_STDINT_H 1
| #define HAVE_UNISTD_H 1
| #define HAVE_DLFCN_H 1
| #ifdef __cplusplus
| extern "C" void exit (int) throw ();
| #endif
| /* end confdefs.h.  */
| #include <ac_nonexistent.h>
configure:5444: result: mipsel-openwrt-linux-g++ -E
configure:5468: mipsel-openwrt-linux-g++ -E  conftest.cc
configure:5474: $? = 0
configure:5506: mipsel-openwrt-linux-g++ -E  conftest.cc
conftest.cc:35:28: fatal error: ac_nonexistent.h: No such file or directory
 #include <ac_nonexistent.h>
                            ^
compilation terminated.
configure:5512: $? = 1
configure: failed program was:
| /* confdefs.h.  */
| 
| #define PACKAGE_NAME "libupnp"
| #define PACKAGE_TARNAME "libupnp"
| #define PACKAGE_VERSION "1.3.1"
| #define PACKAGE_STRING "libupnp 1.3.1"
| #define PACKAGE_BUGREPORT "r3mi@users.sourceforge.net"
| #define PACKAGE "libupnp"
| #define VERSION "1.3.1"
| #define UPNP_VERSION_STRING "1.3.1"
| #define UPNP_VERSION_MAJOR 1
| #define UPNP_VERSION_MINOR 3
| #define UPNP_VERSION_PATCH 1
| #define UPNP_HAVE_DEBUG 1
| #define DEBUG 1
| #define UPNP_HAVE_CLIENT 1
| #define UPNP_HAVE_DEVICE 1
| #define UPNP_HAVE_WEBSERVER 1
| #define UPNP_HAVE_TOOLS 1
| #define STDC_HEADERS 1
| #define HAVE_SYS_TYPES_H 1
| #define HAVE_SYS_STAT_H 1
| #define HAVE_STDLIB_H 1
| #define HAVE_STRING_H 1
| #define HAVE_MEMORY_H 1
| #define HAVE_STRINGS_H 1
| #define HAVE_INTTYPES_H 1
| #define HAVE_STDINT_H 1
| #define HAVE_UNISTD_H 1
| #define HAVE_DLFCN_H 1
| #ifdef __cplusplus
| extern "C" void exit (int) throw ();
| #endif
| /* end confdefs.h.  */
| #include <ac_nonexistent.h>
configure:5567: checking for mipsel-openwrt-linux-g77
configure:5596: result: no
configure:5567: checking for mipsel-openwrt-linux-f77
configure:5596: result: no
configure:5567: checking for mipsel-openwrt-linux-xlf
configure:5596: result: no
configure:5567: checking for mipsel-openwrt-linux-frt
configure:5596: result: no
configure:5567: checking for mipsel-openwrt-linux-pgf77
configure:5596: result: no
configure:5567: checking for mipsel-openwrt-linux-fort77
configure:5596: result: no
configure:5567: checking for mipsel-openwrt-linux-fl32
configure:5596: result: no
configure:5567: checking for mipsel-openwrt-linux-af77
configure:5596: result: no
configure:5567: checking for mipsel-openwrt-linux-f90
configure:5596: result: no
configure:5567: checking for mipsel-openwrt-linux-xlf90
configure:5596: result: no
configure:5567: checking for mipsel-openwrt-linux-pgf90
configure:5596: result: no
configure:5567: checking for mipsel-openwrt-linux-epcf90
configure:5596: result: no
configure:5567: checking for mipsel-openwrt-linux-f95
configure:5596: result: no
configure:5567: checking for mipsel-openwrt-linux-fort
configure:5596: result: no
configure:5567: checking for mipsel-openwrt-linux-xlf95
configure:5596: result: no
configure:5567: checking for mipsel-openwrt-linux-ifc
configure:5596: result: no
configure:5567: checking for mipsel-openwrt-linux-efc
configure:5596: result: no
configure:5567: checking for mipsel-openwrt-linux-pgf95
configure:5596: result: no
configure:5567: checking for mipsel-openwrt-linux-lf95
configure:5596: result: no
configure:5567: checking for mipsel-openwrt-linux-gfortran
configure:5596: result: no
configure:5609: checking for g77
configure:5638: result: no
configure:5609: checking for f77
configure:5638: result: no
configure:5609: checking for xlf
configure:5638: result: no
configure:5609: checking for frt
configure:5638: result: no
configure:5609: checking for pgf77
configure:5638: result: no
configure:5609: checking for fort77
configure:5638: result: no
configure:5609: checking for fl32
configure:5638: result: no
configure:5609: checking for af77
configure:5638: result: no
configure:5609: checking for f90
configure:5638: result: no
configure:5609: checking for xlf90
configure:5638: result: no
configure:5609: checking for pgf90
configure:5638: result: no
configure:5609: checking for epcf90
configure:5638: result: no
configure:5609: checking for f95
configure:5638: result: no
configure:5609: checking for fort
configure:5638: result: no
configure:5609: checking for xlf95
configure:5638: result: no
configure:5609: checking for ifc
configure:5638: result: no
configure:5609: checking for efc
configure:5638: result: no
configure:5609: checking for pgf95
configure:5638: result: no
configure:5609: checking for lf95
configure:5638: result: no
configure:5609: checking for gfortran
configure:5638: result: no
configure:5650: checking for Fortran 77 compiler version
configure:5653:  --version </dev/null >&5
./configure: line 5654: --version: command not found
configure:5656: $? = 127
configure:5658:  -v </dev/null >&5
./configure: line 5659: -v: command not found
configure:5661: $? = 127
configure:5663:  -V </dev/null >&5
./configure: line 5664: -V: command not found
configure:5666: $? = 127
configure:5674: checking whether we are using the GNU Fortran 77 compiler
configure:5688:  -c  conftest.F >&5
./configure: line 5689: -c: command not found
configure:5694: $? = 127
configure: failed program was:
|       program main
| #ifndef __GNUC__
|        choke me
| #endif
| 
|       end
configure:5720: result: no
configure:5726: checking whether  accepts -g
configure:5738:  -c -g conftest.f >&5
./configure: line 5739: -c: command not found
configure:5744: $? = 127
configure: failed program was:
|       program main
| 
|       end
configure:5769: result: no
configure:5799: checking the maximum length of command line arguments
configure:5908: result: 32768
configure:5919: checking command to parse /home/fan/qz_proj/audio_dongle/openwrt/staging_dir/toolchain-mipsel_24kec+dsp_gcc-4.8-linaro_uClibc-0.9.33.2/bin/mipsel-openwrt-linux-nm -B output from mipsel-openwrt-linux-gcc object
configure:6024: mipsel-openwrt-linux-gcc -c -g -O2  conftest.c >&5
configure:6027: $? = 0
configure:6031: /home/fan/qz_proj/audio_dongle/openwrt/staging_dir/toolchain-mipsel_24kec+dsp_gcc-4.8-linaro_uClibc-0.9.33.2/bin/mipsel-openwrt-linux-nm -B conftest.o \| sed -n -e 's/^.*[ 	]\([ABCDGIRSTW][ABCDGIRSTW]*\)[ 	][ 	]*\([_A-Za-z][_A-Za-z0-9]*\)$/\1 \2 \2/p' \> conftest.nm
configure:6034: $? = 0
configure:6086: mipsel-openwrt-linux-gcc -o conftest -g -O2   conftest.c conftstm.o >&5
configure:6089: $? = 0
configure:6127: result: ok
configure:6131: checking for objdir
configure:6146: result: .libs
configure:6198: checking for mipsel-openwrt-linux-ar
configure:6214: found /home/fan/qz_proj/audio_dongle/openwrt/staging_dir/toolchain-mipsel_24kec+dsp_gcc-4.8-linaro_uClibc-0.9.33.2/bin/mipsel-openwrt-linux-ar
configure:6224: result: mipsel-openwrt-linux-ar
configure:6278: checking for mipsel-openwrt-linux-ranlib
configure:6294: found /home/fan/qz_proj/audio_dongle/openwrt/staging_dir/toolchain-mipsel_24kec+dsp_gcc-4.8-linaro_uClibc-0.9.33.2/bin/mipsel-openwrt-linux-ranlib
configure:6304: result: mipsel-openwrt-linux-ranlib
configure:6358: checking for mipsel-openwrt-linux-strip
configure:6384: result: mipsel-openwrt-linux-strip
configure:6695: checking if mipsel-openwrt-linux-gcc supports -fno-rtti -fno-exceptions
configure:6713: mipsel-openwrt-linux-gcc -c -g -O2  -fno-rtti -fno-exceptions conftest.c >&5
cc1: warning: command line option '-fno-rtti' is valid for C++/ObjC++ but not for C [enabled by default]
configure:6717: $? = 0
configure:6730: result: no
configure:6745: checking for mipsel-openwrt-linux-gcc option to produce PIC
configure:6955: result: -fPIC
configure:6963: checking if mipsel-openwrt-linux-gcc PIC flag -fPIC works
configure:6981: mipsel-openwrt-linux-gcc -c -g -O2  -fPIC -DPIC conftest.c >&5
configure:6985: $? = 0
configure:6998: result: yes
configure:7026: checking if mipsel-openwrt-linux-gcc static flag -static works
configure:7054: result: yes
configure:7064: checking if mipsel-openwrt-linux-gcc supports -c -o file.o
configure:7085: mipsel-openwrt-linux-gcc -c -g -O2  -o out/conftest2.o conftest.c >&5
configure:7089: $? = 0
configure:7111: result: yes
configure:7137: checking whether the mipsel-openwrt-linux-gcc linker (/home/fan/qz_proj/audio_dongle/openwrt/staging_dir/toolchain-mipsel_24kec+dsp_gcc-4.8-linaro_uClibc-0.9.33.2/mipsel-openwrt-linux-uclibc/bin/ld) supports shared libraries
configure:8095: result: yes
configure:8116: checking whether -lc should be explicitly linked in
configure:8121: mipsel-openwrt-linux-gcc -c -g -O2  conftest.c >&5
configure:8124: $? = 0
configure:8139: mipsel-openwrt-linux-gcc -shared conftest.o  -v -Wl,-soname -Wl,conftest -o conftest 2\>\&1 \| grep  -lc  \>/dev/null 2\>\&1
configure:8142: $? = 0
configure:8154: result: no
configure:8162: checking dynamic linker characteristics
configure:8771: result: GNU/Linux ld.so
configure:8780: checking how to hardcode library paths into programs
configure:8805: result: immediate
configure:8819: checking whether stripping libraries is possible
configure:8824: result: yes
configure:9658: checking if libtool supports shared libraries
configure:9660: result: yes
configure:9663: checking whether to build shared libraries
configure:9684: result: yes
configure:9687: checking whether to build static libraries
configure:9691: result: yes
configure:9783: creating libtool
configure:10374: checking for ld used by mipsel-openwrt-linux-g++
configure:10441: result: /home/fan/qz_proj/audio_dongle/openwrt/staging_dir/toolchain-mipsel_24kec+dsp_gcc-4.8-linaro_uClibc-0.9.33.2/mipsel-openwrt-linux-uclibc/bin/ld
configure:10450: checking if the linker (/home/fan/qz_proj/audio_dongle/openwrt/staging_dir/toolchain-mipsel_24kec+dsp_gcc-4.8-linaro_uClibc-0.9.33.2/mipsel-openwrt-linux-uclibc/bin/ld) is GNU ld
configure:10465: result: yes
configure:10516: checking whether the mipsel-openwrt-linux-g++ linker (/home/fan/qz_proj/audio_dongle/openwrt/staging_dir/toolchain-mipsel_24kec+dsp_gcc-4.8-linaro_uClibc-0.9.33.2/mipsel-openwrt-linux-uclibc/bin/ld) supports shared libraries
configure:11454: result: yes
configure:11472: mipsel-openwrt-linux-g++ -c -g -O2  conftest.cpp >&5
configure:11475: $? = 0
configure:11594: checking for mipsel-openwrt-linux-g++ option to produce PIC
configure:11868: result: -fPIC
configure:11876: checking if mipsel-openwrt-linux-g++ PIC flag -fPIC works
configure:11894: mipsel-openwrt-linux-g++ -c -g -O2  -fPIC -DPIC conftest.cpp >&5
configure:11898: $? = 0
configure:11911: result: yes
configure:11939: checking if mipsel-openwrt-linux-g++ static flag -static works
configure:11967: result: yes
configure:11977: checking if mipsel-openwrt-linux-g++ supports -c -o file.o
configure:11998: mipsel-openwrt-linux-g++ -c -g -O2  -o out/conftest2.o conftest.cpp >&5
configure:12002: $? = 0
configure:12024: result: yes
configure:12050: checking whether the mipsel-openwrt-linux-g++ linker (/home/fan/qz_proj/audio_dongle/openwrt/staging_dir/toolchain-mipsel_24kec+dsp_gcc-4.8-linaro_uClibc-0.9.33.2/mipsel-openwrt-linux-uclibc/bin/ld) supports shared libraries
configure:12075: result: yes
configure:12142: checking dynamic linker characteristics
configure:12751: result: GNU/Linux ld.so
configure:12760: checking how to hardcode library paths into programs
configure:12785: result: immediate
configure:19002: checking for a BSD-compatible install
configure:19057: result: /usr/bin/install -c
configure:19068: checking whether make sets $(MAKE)
configure:19088: result: yes
configure:19201: checking CFLAGS for maximum warnings
configure:19234: mipsel-openwrt-linux-gcc -c -g -O2 -pedantic  -Wall  conftest.c >&5
configure:19240: $? = 0
configure:19244: test -z 
			 || test ! -s conftest.err
configure:19247: $? = 0
configure:19250: test -s conftest.o
configure:19253: $? = 0
configure:19272: result: -Wall
configure:19285: : CFLAGS="$CFLAGS $ac_cv_cflags_warn_all"
configure:19288: $? = 0
configure:19305: checking for special C compiler options needed for large files
configure:19404: result: no
configure:19410: checking for _FILE_OFFSET_BITS value needed for large files
configure:19441: mipsel-openwrt-linux-gcc -c -g -O2 -Wall  conftest.c >&5
conftest.c:41:3: warning: left shift count >= width of type [enabled by default]
   int off_t_is_large[(LARGE_OFF_T % 2147483629 == 721
   ^
conftest.c:41:3: warning: left shift count >= width of type [enabled by default]
conftest.c:42:10: warning: left shift count >= width of type [enabled by default]
          && LARGE_OFF_T % 2147483647 == 1)
          ^
conftest.c:42:10: warning: left shift count >= width of type [enabled by default]
conftest.c:41:7: error: variably modified 'off_t_is_large' at file scope
   int off_t_is_large[(LARGE_OFF_T % 2147483629 == 721
       ^
configure:19447: $? = 1
configure: failed program was:
| /* confdefs.h.  */
| 
| #define PACKAGE_NAME "libupnp"
| #define PACKAGE_TARNAME "libupnp"
| #define PACKAGE_VERSION "1.3.1"
| #define PACKAGE_STRING "libupnp 1.3.1"
| #define PACKAGE_BUGREPORT "r3mi@users.sourceforge.net"
| #define PACKAGE "libupnp"
| #define VERSION "1.3.1"
| #define UPNP_VERSION_STRING "1.3.1"
| #define UPNP_VERSION_MAJOR 1
| #define UPNP_VERSION_MINOR 3
| #define UPNP_VERSION_PATCH 1
| #define UPNP_HAVE_DEBUG 1
| #define DEBUG 1
| #define UPNP_HAVE_CLIENT 1
| #define UPNP_HAVE_DEVICE 1
| #define UPNP_HAVE_WEBSERVER 1
| #define UPNP_HAVE_TOOLS 1
| #define STDC_HEADERS 1
| #define HAVE_SYS_TYPES_H 1
| #define HAVE_SYS_STAT_H 1
| #define HAVE_STDLIB_H 1
| #define HAVE_STRING_H 1
| #define HAVE_MEMORY_H 1
| #define HAVE_STRINGS_H 1
| #define HAVE_INTTYPES_H 1
| #define HAVE_STDINT_H 1
| #define HAVE_UNISTD_H 1
| #define HAVE_DLFCN_H 1
| #ifdef __cplusplus
| extern "C" void exit (int) throw ();
| #endif
| /* end confdefs.h.  */
| #include <sys/types.h>
|  /* Check that off_t can represent 2**63 - 1 correctly.
|     We can't simply define LARGE_OFF_T to be 9223372036854775807,
|     since some C++ compilers masquerading as C compilers
|     incorrectly reject 9223372036854775807.  */
| #define LARGE_OFF_T (((off_t) 1 << 62) - 1 + ((off_t) 1 << 62))
|   int off_t_is_large[(LARGE_OFF_T % 2147483629 == 721
| 		       && LARGE_OFF_T % 2147483647 == 1)
| 		      ? 1 : -1];
| int
| main ()
| {
| 
|   ;
|   return 0;
| }
configure:19494: mipsel-openwrt-linux-gcc -c -g -O2 -Wall  conftest.c >&5
configure:19500: $? = 0
configure:19504: test -z 
			 || test ! -s conftest.err
configure:19507: $? = 0
configure:19510: test -s conftest.o
configure:19513: $? = 0
configure:19525: result: 64
configure:19535: checking for _LARGE_FILES value needed for large files
configure:19566: mipsel-openwrt-linux-gcc -c -g -O2 -Wall  conftest.c >&5
configure:19572: $? = 0
configure:19576: test -z 
			 || test ! -s conftest.err
configure:19579: $? = 0
configure:19582: test -s conftest.o
configure:19585: $? = 0
configure:19650: result: no
configure:19667: checking for ANSI C header files
configure:19823: result: yes
configure:19862: checking arpa/inet.h usability
configure:19874: mipsel-openwrt-linux-gcc -c -g -O2 -Wall  conftest.c >&5
configure:19880: $? = 0
configure:19884: test -z 
			 || test ! -s conftest.err
configure:19887: $? = 0
configure:19890: test -s conftest.o
configure:19893: $? = 0
configure:19903: result: yes
configure:19907: checking arpa/inet.h presence
configure:19917: mipsel-openwrt-linux-gcc -E  conftest.c
configure:19923: $? = 0
configure:19943: result: yes
configure:19978: checking for arpa/inet.h
configure:19985: result: yes
configure:19862: checking fcntl.h usability
configure:19874: mipsel-openwrt-linux-gcc -c -g -O2 -Wall  conftest.c >&5
configure:19880: $? = 0
configure:19884: test -z 
			 || test ! -s conftest.err
configure:19887: $? = 0
configure:19890: test -s conftest.o
configure:19893: $? = 0
configure:19903: result: yes
configure:19907: checking fcntl.h presence
configure:19917: mipsel-openwrt-linux-gcc -E  conftest.c
configure:19923: $? = 0
configure:19943: result: yes
configure:19978: checking for fcntl.h
configure:19985: result: yes
configure:19862: checking limits.h usability
configure:19874: mipsel-openwrt-linux-gcc -c -g -O2 -Wall  conftest.c >&5
configure:19880: $? = 0
configure:19884: test -z 
			 || test ! -s conftest.err
configure:19887: $? = 0
configure:19890: test -s conftest.o
configure:19893: $? = 0
configure:19903: result: yes
configure:19907: checking limits.h presence
configure:19917: mipsel-openwrt-linux-gcc -E  conftest.c
configure:19923: $? = 0
configure:19943: result: yes
configure:19978: checking for limits.h
configure:19985: result: yes
configure:19862: checking malloc.h usability
configure:19874: mipsel-openwrt-linux-gcc -c -g -O2 -Wall  conftest.c >&5
configure:19880: $? = 0
configure:19884: test -z 
			 || test ! -s conftest.err
configure:19887: $? = 0
configure:19890: test -s conftest.o
configure:19893: $? = 0
configure:19903: result: yes
configure:19907: checking malloc.h presence
configure:19917: mipsel-openwrt-linux-gcc -E  conftest.c
configure:19923: $? = 0
configure:19943: result: yes
configure:19978: checking for malloc.h
configure:19985: result: yes
configure:19862: checking netdb.h usability
configure:19874: mipsel-openwrt-linux-gcc -c -g -O2 -Wall  conftest.c >&5
configure:19880: $? = 0
configure:19884: test -z 
			 || test ! -s conftest.err
configure:19887: $? = 0
configure:19890: test -s conftest.o
configure:19893: $? = 0
configure:19903: result: yes
configure:19907: checking netdb.h presence
configure:19917: mipsel-openwrt-linux-gcc -E  conftest.c
configure:19923: $? = 0
configure:19943: result: yes
configure:19978: checking for netdb.h
configure:19985: result: yes
configure:19862: checking netinet/in.h usability
configure:19874: mipsel-openwrt-linux-gcc -c -g -O2 -Wall  conftest.c >&5
configure:19880: $? = 0
configure:19884: test -z 
			 || test ! -s conftest.err
configure:19887: $? = 0
configure:19890: test -s conftest.o
configure:19893: $? = 0
configure:19903: result: yes
configure:19907: checking netinet/in.h presence
configure:19917: mipsel-openwrt-linux-gcc -E  conftest.c
configure:19923: $? = 0
configure:19943: result: yes
configure:19978: checking for netinet/in.h
configure:19985: result: yes
configure:19853: checking for stdlib.h
configure:19858: result: yes
configure:19853: checking for string.h
configure:19858: result: yes
configure:19862: checking sys/ioctl.h usability
configure:19874: mipsel-openwrt-linux-gcc -c -g -O2 -Wall  conftest.c >&5
configure:19880: $? = 0
configure:19884: test -z 
			 || test ! -s conftest.err
configure:19887: $? = 0
configure:19890: test -s conftest.o
configure:19893: $? = 0
configure:19903: result: yes
configure:19907: checking sys/ioctl.h presence
configure:19917: mipsel-openwrt-linux-gcc -E  conftest.c
configure:19923: $? = 0
configure:19943: result: yes
configure:19978: checking for sys/ioctl.h
configure:19985: result: yes
configure:19862: checking sys/socket.h usability
configure:19874: mipsel-openwrt-linux-gcc -c -g -O2 -Wall  conftest.c >&5
configure:19880: $? = 0
configure:19884: test -z 
			 || test ! -s conftest.err
configure:19887: $? = 0
configure:19890: test -s conftest.o
configure:19893: $? = 0
configure:19903: result: yes
configure:19907: checking sys/socket.h presence
configure:19917: mipsel-openwrt-linux-gcc -E  conftest.c
configure:19923: $? = 0
configure:19943: result: yes
configure:19978: checking for sys/socket.h
configure:19985: result: yes
configure:19862: checking sys/time.h usability
configure:19874: mipsel-openwrt-linux-gcc -c -g -O2 -Wall  conftest.c >&5
configure:19880: $? = 0
configure:19884: test -z 
			 || test ! -s conftest.err
configure:19887: $? = 0
configure:19890: test -s conftest.o
configure:19893: $? = 0
configure:19903: result: yes
configure:19907: checking sys/time.h presence
configure:19917: mipsel-openwrt-linux-gcc -E  conftest.c
configure:19923: $? = 0
configure:19943: result: yes
configure:19978: checking for sys/time.h
configure:19985: result: yes
configure:19862: checking sys/timeb.h usability
configure:19874: mipsel-openwrt-linux-gcc -c -g -O2 -Wall  conftest.c >&5
configure:19880: $? = 0
configure:19884: test -z 
			 || test ! -s conftest.err
configure:19887: $? = 0
configure:19890: test -s conftest.o
configure:19893: $? = 0
configure:19903: result: yes
configure:19907: checking sys/timeb.h presence
configure:19917: mipsel-openwrt-linux-gcc -E  conftest.c
configure:19923: $? = 0
configure:19943: result: yes
configure:19978: checking for sys/timeb.h
configure:19985: result: yes
configure:19862: checking syslog.h usability
configure:19874: mipsel-openwrt-linux-gcc -c -g -O2 -Wall  conftest.c >&5
configure:19880: $? = 0
configure:19884: test -z 
			 || test ! -s conftest.err
configure:19887: $? = 0
configure:19890: test -s conftest.o
configure:19893: $? = 0
configure:19903: result: yes
configure:19907: checking syslog.h presence
configure:19917: mipsel-openwrt-linux-gcc -E  conftest.c
configure:19923: $? = 0
configure:19943: result: yes
configure:19978: checking for syslog.h
configure:19985: result: yes
configure:19853: checking for unistd.h
configure:19858: result: yes
configure:20007: checking for an ANSI C-conforming const
configure:20074: mipsel-openwrt-linux-gcc -c -g -O2 -Wall  conftest.c >&5
conftest.c: In function 'main':
conftest.c:78:17: warning: unused variable 's' [-Wunused-variable]
     char const *s = 0 ? (char *) 0 : (char const *) 0;
                 ^
conftest.c:98:15: warning: unused variable 'foo' [-Wunused-variable]
     const int foo = 10;
               ^
conftest.c:65:29: warning: unused variable 'zero' [-Wunused-variable]
   static struct point const zero = {0,0};
                             ^
conftest.c:59:17: warning: unused variable 'x' [-Wunused-variable]
   const charset x;
                 ^
conftest.c:80:7: warning: 't' is used uninitialized in this function [-Wuninitialized]
     *t++ = 0;
       ^
conftest.c:95:23: warning: 'b' is used uninitialized in this function [-Wuninitialized]
     struct s *b; b->j = 5;
                       ^
configure:20080: $? = 0
configure:20084: test -z 
			 || test ! -s conftest.err
configure:20087: $? = 0
configure:20090: test -s conftest.o
configure:20093: $? = 0
configure:20104: result: yes
configure:20114: checking for size_t
configure:20138: mipsel-openwrt-linux-gcc -c -g -O2 -Wall  conftest.c >&5
configure:20144: $? = 0
configure:20148: test -z 
			 || test ! -s conftest.err
configure:20151: $? = 0
configure:20154: test -s conftest.o
configure:20157: $? = 0
configure:20168: result: yes
configure:20180: checking for socklen_t
configure:20203: mipsel-openwrt-linux-gcc -c -g -O2 -Wall  conftest.c >&5
conftest.c: In function 'main':
conftest.c:56:11: warning: unused variable 'len' [-Wunused-variable]
 socklen_t len = 42; return 0;
           ^
configure:20209: $? = 0
configure:20213: test -z 
			 || test ! -s conftest.err
configure:20216: $? = 0
configure:20219: test -s conftest.o
configure:20222: $? = 0
configure:20234: result: yes
configure:20253: checking for vprintf
configure:20310: mipsel-openwrt-linux-gcc -o conftest -g -O2 -Wall   conftest.c  >&5
conftest.c:75:6: warning: conflicting types for built-in function 'vprintf' [enabled by default]
 char vprintf ();
      ^
configure:20316: $? = 0
configure:20320: test -z 
			 || test ! -s conftest.err
configure:20323: $? = 0
configure:20326: test -s conftest
configure:20329: $? = 0
configure:20341: result: yes
configure:20348: checking for _doprnt
configure:20405: mipsel-openwrt-linux-gcc -o conftest -g -O2 -Wall   conftest.c  >&5
/tmp/cclZfnzn.o:(.data+0x0): undefined reference to `_doprnt'
/tmp/cclZfnzn.o: In function `main':
/home/fan/test/mtksdk/RT288x_SDK/source/user/wsc_upnp/libupnp-1.3.1/conftest.c:92: undefined reference to `_doprnt'
/home/fan/test/mtksdk/RT288x_SDK/source/user/wsc_upnp/libupnp-1.3.1/conftest.c:92: undefined reference to `_doprnt'
collect2: error: ld returned 1 exit status
configure:20411: $? = 1
configure: failed program was:
| /* confdefs.h.  */
| 
| #define PACKAGE_NAME "libupnp"
| #define PACKAGE_TARNAME "libupnp"
| #define PACKAGE_VERSION "1.3.1"
| #define PACKAGE_STRING "libupnp 1.3.1"
| #define PACKAGE_BUGREPORT "r3mi@users.sourceforge.net"
| #define PACKAGE "libupnp"
| #define VERSION "1.3.1"
| #define UPNP_VERSION_STRING "1.3.1"
| #define UPNP_VERSION_MAJOR 1
| #define UPNP_VERSION_MINOR 3
| #define UPNP_VERSION_PATCH 1
| #define UPNP_HAVE_DEBUG 1
| #define DEBUG 1
| #define UPNP_HAVE_CLIENT 1
| #define UPNP_HAVE_DEVICE 1
| #define UPNP_HAVE_WEBSERVER 1
| #define UPNP_HAVE_TOOLS 1
| #define STDC_HEADERS 1
| #define HAVE_SYS_TYPES_H 1
| #define HAVE_SYS_STAT_H 1
| #define HAVE_STDLIB_H 1
| #define HAVE_STRING_H 1
| #define HAVE_MEMORY_H 1
| #define HAVE_STRINGS_H 1
| #define HAVE_INTTYPES_H 1
| #define HAVE_STDINT_H 1
| #define HAVE_UNISTD_H 1
| #define HAVE_DLFCN_H 1
| #ifdef __cplusplus
| extern "C" void exit (int) throw ();
| #endif
| #define _FILE_OFFSET_BITS 64
| #define STDC_HEADERS 1
| #define HAVE_ARPA_INET_H 1
| #define HAVE_FCNTL_H 1
| #define HAVE_LIMITS_H 1
| #define HAVE_MALLOC_H 1
| #define HAVE_NETDB_H 1
| #define HAVE_NETINET_IN_H 1
| #define HAVE_STDLIB_H 1
| #define HAVE_STRING_H 1
| #define HAVE_SYS_IOCTL_H 1
| #define HAVE_SYS_SOCKET_H 1
| #define HAVE_SYS_TIME_H 1
| #define HAVE_SYS_TIMEB_H 1
| #define HAVE_SYSLOG_H 1
| #define HAVE_UNISTD_H 1
| #define HAVE_VPRINTF 1
| /* end confdefs.h.  */
| /* Define _doprnt to an innocuous variant, in case <limits.h> declares _doprnt.
|    For example, HP-UX 11i <limits.h> declares gettimeofday.  */
| #define _doprnt innocuous__doprnt
| 
| /* System header to define __stub macros and hopefully few prototypes,
|     which can conflict with char _doprnt (); below.
|     Prefer <limits.h> to <assert.h> if __STDC__ is defined, since
|     <limits.h> exists even on freestanding compilers.  */
| 
| #ifdef __STDC__
| # include <limits.h>
| #else
| # include <assert.h>
| #endif
| 
| #undef _doprnt
| 
| /* Override any gcc2 internal prototype to avoid an error.  */
| #ifdef __cplusplus
| extern "C"
| {
| #endif
| /* We use char because int might match the return type of a gcc2
|    builtin and then its argument prototype would still apply.  */
| char _doprnt ();
| /* The GNU C library defines this for functions which it implements
|     to always fail with ENOSYS.  Some functions are actually named
|     something starting with __ and the normal name is an alias.  */
| #if defined (__stub__doprnt) || defined (__stub____doprnt)
| choke me
| #else
| char (*f) () = _doprnt;
| #endif
| #ifdef __cplusplus
| }
| #endif
| 
| int
| main ()
| {
| return f != _doprnt;
|   ;
|   return 0;
| }
configure:20436: result: no
configure:20450: checking for _LARGEFILE_SOURCE value needed for large files
configure:20473: mipsel-openwrt-linux-gcc -c -g -O2 -Wall  conftest.c >&5
conftest.c: In function 'main':
conftest.c:56:8: warning: the address of 'fseeko' will always evaluate as 'true' [-Waddress]
 return !fseeko;
        ^
configure:20479: $? = 0
configure:20483: test -z 
			 || test ! -s conftest.err
configure:20486: $? = 0
configure:20489: test -s conftest.o
configure:20492: $? = 0
configure:20549: result: no
configure:20563: checking for fseeko
configure:20584: mipsel-openwrt-linux-gcc -o conftest -g -O2 -Wall   conftest.c  >&5
conftest.c: In function 'main':
conftest.c:56:8: warning: the address of 'fseeko' will always evaluate as 'true' [-Waddress]
 return fseeko && fseeko (stdin, 0, 0);
        ^
configure:20590: $? = 0
configure:20594: test -z 
			 || test ! -s conftest.err
configure:20597: $? = 0
configure:20600: test -s conftest
configure:20603: $? = 0
configure:20615: result: yes
configure:20823: checking for the pthreads library -lpthreads
configure:20861: mipsel-openwrt-linux-gcc -o conftest -g -O2 -Wall    conftest.c -lpthreads  >&5
conftest.c: In function 'main':
conftest.c:58:22: warning: null argument where non-null required (argument 1) [-Wnonnull]
                      pthread_attr_init(0); pthread_cleanup_push(0, 0);
                      ^
conftest.c:59:22: warning: null argument where non-null required (argument 1) [-Wnonnull]
                      pthread_create(0,0,0,0); pthread_cleanup_pop(0);
                      ^
conftest.c:59:22: warning: null argument where non-null required (argument 3) [-Wnonnull]
conftest.c:57:27: warning: 'th' is used uninitialized in this function [-Wuninitialized]
 pthread_t th; pthread_join(th, 0);
                           ^
/home/fan/qz_proj/audio_dongle/openwrt/staging_dir/toolchain-mipsel_24kec+dsp_gcc-4.8-linaro_uClibc-0.9.33.2/lib/gcc/mipsel-openwrt-linux-uclibc/4.8.3/../../../../mipsel-openwrt-linux-uclibc/bin/ld: cannot find -lpthreads
collect2: error: ld returned 1 exit status
configure:20867: $? = 1
configure: failed program was:
| /* confdefs.h.  */
| 
| #define PACKAGE_NAME "libupnp"
| #define PACKAGE_TARNAME "libupnp"
| #define PACKAGE_VERSION "1.3.1"
| #define PACKAGE_STRING "libupnp 1.3.1"
| #define PACKAGE_BUGREPORT "r3mi@users.sourceforge.net"
| #define PACKAGE "libupnp"
| #define VERSION "1.3.1"
| #define UPNP_VERSION_STRING "1.3.1"
| #define UPNP_VERSION_MAJOR 1
| #define UPNP_VERSION_MINOR 3
| #define UPNP_VERSION_PATCH 1
| #define UPNP_HAVE_DEBUG 1
| #define DEBUG 1
| #define UPNP_HAVE_CLIENT 1
| #define UPNP_HAVE_DEVICE 1
| #define UPNP_HAVE_WEBSERVER 1
| #define UPNP_HAVE_TOOLS 1
| #define STDC_HEADERS 1
| #define HAVE_SYS_TYPES_H 1
| #define HAVE_SYS_STAT_H 1
| #define HAVE_STDLIB_H 1
| #define HAVE_STRING_H 1
| #define HAVE_MEMORY_H 1
| #define HAVE_STRINGS_H 1
| #define HAVE_INTTYPES_H 1
| #define HAVE_STDINT_H 1
| #define HAVE_UNISTD_H 1
| #define HAVE_DLFCN_H 1
| #ifdef __cplusplus
| extern "C" void exit (int) throw ();
| #endif
| #define _FILE_OFFSET_BITS 64
| #define STDC_HEADERS 1
| #define HAVE_ARPA_INET_H 1
| #define HAVE_FCNTL_H 1
| #define HAVE_LIMITS_H 1
| #define HAVE_MALLOC_H 1
| #define HAVE_NETDB_H 1
| #define HAVE_NETINET_IN_H 1
| #define HAVE_STDLIB_H 1
| #define HAVE_STRING_H 1
| #define HAVE_SYS_IOCTL_H 1
| #define HAVE_SYS_SOCKET_H 1
| #define HAVE_SYS_TIME_H 1
| #define HAVE_SYS_TIMEB_H 1
| #define HAVE_SYSLOG_H 1
| #define HAVE_UNISTD_H 1
| #define HAVE_VPRINTF 1
| #define HAVE_FSEEKO 1
| /* end confdefs.h.  */
| #include <pthread.h>
| int
| main ()
| {
| pthread_t th; pthread_join(th, 0);
|                      pthread_attr_init(0); pthread_cleanup_push(0, 0);
|                      pthread_create(0,0,0,0); pthread_cleanup_pop(0);
|   ;
|   return 0;
| }
configure:20894: result: no
configure:20770: checking whether pthreads work without any flags
configure:20861: mipsel-openwrt-linux-gcc -o conftest -g -O2 -Wall    conftest.c   >&5
conftest.c: In function 'main':
conftest.c:58:22: warning: null argument where non-null required (argument 1) [-Wnonnull]
                      pthread_attr_init(0); pthread_cleanup_push(0, 0);
                      ^
conftest.c:59:22: warning: null argument where non-null required (argument 1) [-Wnonnull]
                      pthread_create(0,0,0,0); pthread_cleanup_pop(0);
                      ^
conftest.c:59:22: warning: null argument where non-null required (argument 3) [-Wnonnull]
conftest.c:57:27: warning: 'th' is used uninitialized in this function [-Wuninitialized]
 pthread_t th; pthread_join(th, 0);
                           ^
/tmp/ccaRJUeL.o: In function `main':
/home/fan/test/mtksdk/RT288x_SDK/source/user/wsc_upnp/libupnp-1.3.1/conftest.c:57: undefined reference to `pthread_join'
/home/fan/test/mtksdk/RT288x_SDK/source/user/wsc_upnp/libupnp-1.3.1/conftest.c:58: undefined reference to `__pthread_register_cancel'
/home/fan/test/mtksdk/RT288x_SDK/source/user/wsc_upnp/libupnp-1.3.1/conftest.c:59: undefined reference to `pthread_create'
/home/fan/test/mtksdk/RT288x_SDK/source/user/wsc_upnp/libupnp-1.3.1/conftest.c:59: undefined reference to `__pthread_unregister_cancel'
collect2: error: ld returned 1 exit status
configure:20867: $? = 1
configure: failed program was:
| /* confdefs.h.  */
| 
| #define PACKAGE_NAME "libupnp"
| #define PACKAGE_TARNAME "libupnp"
| #define PACKAGE_VERSION "1.3.1"
| #define PACKAGE_STRING "libupnp 1.3.1"
| #define PACKAGE_BUGREPORT "r3mi@users.sourceforge.net"
| #define PACKAGE "libupnp"
| #define VERSION "1.3.1"
| #define UPNP_VERSION_STRING "1.3.1"
| #define UPNP_VERSION_MAJOR 1
| #define UPNP_VERSION_MINOR 3
| #define UPNP_VERSION_PATCH 1
| #define UPNP_HAVE_DEBUG 1
| #define DEBUG 1
| #define UPNP_HAVE_CLIENT 1
| #define UPNP_HAVE_DEVICE 1
| #define UPNP_HAVE_WEBSERVER 1
| #define UPNP_HAVE_TOOLS 1
| #define STDC_HEADERS 1
| #define HAVE_SYS_TYPES_H 1
| #define HAVE_SYS_STAT_H 1
| #define HAVE_STDLIB_H 1
| #define HAVE_STRING_H 1
| #define HAVE_MEMORY_H 1
| #define HAVE_STRINGS_H 1
| #define HAVE_INTTYPES_H 1
| #define HAVE_STDINT_H 1
| #define HAVE_UNISTD_H 1
| #define HAVE_DLFCN_H 1
| #ifdef __cplusplus
| extern "C" void exit (int) throw ();
| #endif
| #define _FILE_OFFSET_BITS 64
| #define STDC_HEADERS 1
| #define HAVE_ARPA_INET_H 1
| #define HAVE_FCNTL_H 1
| #define HAVE_LIMITS_H 1
| #define HAVE_MALLOC_H 1
| #define HAVE_NETDB_H 1
| #define HAVE_NETINET_IN_H 1
| #define HAVE_STDLIB_H 1
| #define HAVE_STRING_H 1
| #define HAVE_SYS_IOCTL_H 1
| #define HAVE_SYS_SOCKET_H 1
| #define HAVE_SYS_TIME_H 1
| #define HAVE_SYS_TIMEB_H 1
| #define HAVE_SYSLOG_H 1
| #define HAVE_UNISTD_H 1
| #define HAVE_VPRINTF 1
| #define HAVE_FSEEKO 1
| /* end confdefs.h.  */
| #include <pthread.h>
| int
| main ()
| {
| pthread_t th; pthread_join(th, 0);
|                      pthread_attr_init(0); pthread_cleanup_push(0, 0);
|                      pthread_create(0,0,0,0); pthread_cleanup_pop(0);
|   ;
|   return 0;
| }
configure:20894: result: no
configure:20775: checking whether pthreads work with -Kthread
configure:20861: mipsel-openwrt-linux-gcc -o conftest -g -O2 -Wall -Kthread   conftest.c   >&5
mipsel-openwrt-linux-gcc: error: unrecognized command line option '-Kthread'
configure:20867: $? = 1
configure: failed program was:
| /* confdefs.h.  */
| 
| #define PACKAGE_NAME "libupnp"
| #define PACKAGE_TARNAME "libupnp"
| #define PACKAGE_VERSION "1.3.1"
| #define PACKAGE_STRING "libupnp 1.3.1"
| #define PACKAGE_BUGREPORT "r3mi@users.sourceforge.net"
| #define PACKAGE "libupnp"
| #define VERSION "1.3.1"
| #define UPNP_VERSION_STRING "1.3.1"
| #define UPNP_VERSION_MAJOR 1
| #define UPNP_VERSION_MINOR 3
| #define UPNP_VERSION_PATCH 1
| #define UPNP_HAVE_DEBUG 1
| #define DEBUG 1
| #define UPNP_HAVE_CLIENT 1
| #define UPNP_HAVE_DEVICE 1
| #define UPNP_HAVE_WEBSERVER 1
| #define UPNP_HAVE_TOOLS 1
| #define STDC_HEADERS 1
| #define HAVE_SYS_TYPES_H 1
| #define HAVE_SYS_STAT_H 1
| #define HAVE_STDLIB_H 1
| #define HAVE_STRING_H 1
| #define HAVE_MEMORY_H 1
| #define HAVE_STRINGS_H 1
| #define HAVE_INTTYPES_H 1
| #define HAVE_STDINT_H 1
| #define HAVE_UNISTD_H 1
| #define HAVE_DLFCN_H 1
| #ifdef __cplusplus
| extern "C" void exit (int) throw ();
| #endif
| #define _FILE_OFFSET_BITS 64
| #define STDC_HEADERS 1
| #define HAVE_ARPA_INET_H 1
| #define HAVE_FCNTL_H 1
| #define HAVE_LIMITS_H 1
| #define HAVE_MALLOC_H 1
| #define HAVE_NETDB_H 1
| #define HAVE_NETINET_IN_H 1
| #define HAVE_STDLIB_H 1
| #define HAVE_STRING_H 1
| #define HAVE_SYS_IOCTL_H 1
| #define HAVE_SYS_SOCKET_H 1
| #define HAVE_SYS_TIME_H 1
| #define HAVE_SYS_TIMEB_H 1
| #define HAVE_SYSLOG_H 1
| #define HAVE_UNISTD_H 1
| #define HAVE_VPRINTF 1
| #define HAVE_FSEEKO 1
| /* end confdefs.h.  */
| #include <pthread.h>
| int
| main ()
| {
| pthread_t th; pthread_join(th, 0);
|                      pthread_attr_init(0); pthread_cleanup_push(0, 0);
|                      pthread_create(0,0,0,0); pthread_cleanup_pop(0);
|   ;
|   return 0;
| }
configure:20894: result: no
configure:20775: checking whether pthreads work with -kthread
configure:20861: mipsel-openwrt-linux-gcc -o conftest -g -O2 -Wall -kthread   conftest.c   >&5
mipsel-openwrt-linux-gcc: error: unrecognized command line option '-kthread'
configure:20867: $? = 1
configure: failed program was:
| /* confdefs.h.  */
| 
| #define PACKAGE_NAME "libupnp"
| #define PACKAGE_TARNAME "libupnp"
| #define PACKAGE_VERSION "1.3.1"
| #define PACKAGE_STRING "libupnp 1.3.1"
| #define PACKAGE_BUGREPORT "r3mi@users.sourceforge.net"
| #define PACKAGE "libupnp"
| #define VERSION "1.3.1"
| #define UPNP_VERSION_STRING "1.3.1"
| #define UPNP_VERSION_MAJOR 1
| #define UPNP_VERSION_MINOR 3
| #define UPNP_VERSION_PATCH 1
| #define UPNP_HAVE_DEBUG 1
| #define DEBUG 1
| #define UPNP_HAVE_CLIENT 1
| #define UPNP_HAVE_DEVICE 1
| #define UPNP_HAVE_WEBSERVER 1
| #define UPNP_HAVE_TOOLS 1
| #define STDC_HEADERS 1
| #define HAVE_SYS_TYPES_H 1
| #define HAVE_SYS_STAT_H 1
| #define HAVE_STDLIB_H 1
| #define HAVE_STRING_H 1
| #define HAVE_MEMORY_H 1
| #define HAVE_STRINGS_H 1
| #define HAVE_INTTYPES_H 1
| #define HAVE_STDINT_H 1
| #define HAVE_UNISTD_H 1
| #define HAVE_DLFCN_H 1
| #ifdef __cplusplus
| extern "C" void exit (int) throw ();
| #endif
| #define _FILE_OFFSET_BITS 64
| #define STDC_HEADERS 1
| #define HAVE_ARPA_INET_H 1
| #define HAVE_FCNTL_H 1
| #define HAVE_LIMITS_H 1
| #define HAVE_MALLOC_H 1
| #define HAVE_NETDB_H 1
| #define HAVE_NETINET_IN_H 1
| #define HAVE_STDLIB_H 1
| #define HAVE_STRING_H 1
| #define HAVE_SYS_IOCTL_H 1
| #define HAVE_SYS_SOCKET_H 1
| #define HAVE_SYS_TIME_H 1
| #define HAVE_SYS_TIMEB_H 1
| #define HAVE_SYSLOG_H 1
| #define HAVE_UNISTD_H 1
| #define HAVE_VPRINTF 1
| #define HAVE_FSEEKO 1
| /* end confdefs.h.  */
| #include <pthread.h>
| int
| main ()
| {
| pthread_t th; pthread_join(th, 0);
|                      pthread_attr_init(0); pthread_cleanup_push(0, 0);
|                      pthread_create(0,0,0,0); pthread_cleanup_pop(0);
|   ;
|   return 0;
| }
configure:20894: result: no
configure:20823: checking for the pthreads library -llthread
configure:20861: mipsel-openwrt-linux-gcc -o conftest -g -O2 -Wall    conftest.c -llthread  >&5
conftest.c: In function 'main':
conftest.c:58:22: warning: null argument where non-null required (argument 1) [-Wnonnull]
                      pthread_attr_init(0); pthread_cleanup_push(0, 0);
                      ^
conftest.c:59:22: warning: null argument where non-null required (argument 1) [-Wnonnull]
                      pthread_create(0,0,0,0); pthread_cleanup_pop(0);
                      ^
conftest.c:59:22: warning: null argument where non-null required (argument 3) [-Wnonnull]
conftest.c:57:27: warning: 'th' is used uninitialized in this function [-Wuninitialized]
 pthread_t th; pthread_join(th, 0);
                           ^
/home/fan/qz_proj/audio_dongle/openwrt/staging_dir/toolchain-mipsel_24kec+dsp_gcc-4.8-linaro_uClibc-0.9.33.2/lib/gcc/mipsel-openwrt-linux-uclibc/4.8.3/../../../../mipsel-openwrt-linux-uclibc/bin/ld: cannot find -llthread
collect2: error: ld returned 1 exit status
configure:20867: $? = 1
configure: failed program was:
| /* confdefs.h.  */
| 
| #define PACKAGE_NAME "libupnp"
| #define PACKAGE_TARNAME "libupnp"
| #define PACKAGE_VERSION "1.3.1"
| #define PACKAGE_STRING "libupnp 1.3.1"
| #define PACKAGE_BUGREPORT "r3mi@users.sourceforge.net"
| #define PACKAGE "libupnp"
| #define VERSION "1.3.1"
| #define UPNP_VERSION_STRING "1.3.1"
| #define UPNP_VERSION_MAJOR 1
| #define UPNP_VERSION_MINOR 3
| #define UPNP_VERSION_PATCH 1
| #define UPNP_HAVE_DEBUG 1
| #define DEBUG 1
| #define UPNP_HAVE_CLIENT 1
| #define UPNP_HAVE_DEVICE 1
| #define UPNP_HAVE_WEBSERVER 1
| #define UPNP_HAVE_TOOLS 1
| #define STDC_HEADERS 1
| #define HAVE_SYS_TYPES_H 1
| #define HAVE_SYS_STAT_H 1
| #define HAVE_STDLIB_H 1
| #define HAVE_STRING_H 1
| #define HAVE_MEMORY_H 1
| #define HAVE_STRINGS_H 1
| #define HAVE_INTTYPES_H 1
| #define HAVE_STDINT_H 1
| #define HAVE_UNISTD_H 1
| #define HAVE_DLFCN_H 1
| #ifdef __cplusplus
| extern "C" void exit (int) throw ();
| #endif
| #define _FILE_OFFSET_BITS 64
| #define STDC_HEADERS 1
| #define HAVE_ARPA_INET_H 1
| #define HAVE_FCNTL_H 1
| #define HAVE_LIMITS_H 1
| #define HAVE_MALLOC_H 1
| #define HAVE_NETDB_H 1
| #define HAVE_NETINET_IN_H 1
| #define HAVE_STDLIB_H 1
| #define HAVE_STRING_H 1
| #define HAVE_SYS_IOCTL_H 1
| #define HAVE_SYS_SOCKET_H 1
| #define HAVE_SYS_TIME_H 1
| #define HAVE_SYS_TIMEB_H 1
| #define HAVE_SYSLOG_H 1
| #define HAVE_UNISTD_H 1
| #define HAVE_VPRINTF 1
| #define HAVE_FSEEKO 1
| /* end confdefs.h.  */
| #include <pthread.h>
| int
| main ()
| {
| pthread_t th; pthread_join(th, 0);
|                      pthread_attr_init(0); pthread_cleanup_push(0, 0);
|                      pthread_create(0,0,0,0); pthread_cleanup_pop(0);
|   ;
|   return 0;
| }
configure:20894: result: no
configure:20775: checking whether pthreads work with -pthread
configure:20861: mipsel-openwrt-linux-gcc -o conftest -g -O2 -Wall -pthread   conftest.c   >&5
conftest.c: In function 'main':
conftest.c:58:22: warning: null argument where non-null required (argument 1) [-Wnonnull]
                      pthread_attr_init(0); pthread_cleanup_push(0, 0);
                      ^
conftest.c:59:22: warning: null argument where non-null required (argument 1) [-Wnonnull]
                      pthread_create(0,0,0,0); pthread_cleanup_pop(0);
                      ^
conftest.c:59:22: warning: null argument where non-null required (argument 3) [-Wnonnull]
conftest.c:57:27: warning: 'th' is used uninitialized in this function [-Wuninitialized]
 pthread_t th; pthread_join(th, 0);
                           ^
configure:20867: $? = 0
configure:20871: test -z 
			 || test ! -s conftest.err
configure:20874: $? = 0
configure:20877: test -s conftest
configure:20880: $? = 0
configure:20894: result: yes
configure:20913: checking for joinable pthread attribute
configure:20933: mipsel-openwrt-linux-gcc -o conftest -g -O2 -Wall -pthread   conftest.c   >&5
configure:20939: $? = 0
configure:20943: test -z 
			 || test ! -s conftest.err
configure:20946: $? = 0
configure:20949: test -s conftest
configure:20952: $? = 0
configure:20963: result: PTHREAD_CREATE_JOINABLE
configure:20973: checking if more special flags are required for pthreads
configure:20980: result: no
configure:20992: checking for cc_r
configure:21019: result: mipsel-openwrt-linux-gcc
configure:21220: creating ./config.status

## ---------------------- ##
## Running config.status. ##
## ---------------------- ##

This file was extended by libupnp config.status 1.3.1, which was
generated by GNU Autoconf 2.59.  Invocation command line was

  CONFIG_FILES    = 
  CONFIG_HEADERS  = 
  CONFIG_LINKS    = 
  CONFIG_COMMANDS = 
  $ ./config.status 

on ubuntu

config.status:739: creating Makefile
config.status:739: creating ixml/Makefile
config.status:739: creating ixml/doc/Makefile
config.status:739: creating threadutil/Makefile
config.status:739: creating upnp/Makefile
config.status:739: creating upnp/doc/Makefile
config.status:739: creating libupnp.pc
config.status:843: creating autoconfig.h
config.status:1027: autoconfig.h is unchanged
config.status:843: creating upnp/inc/upnpconfig.h
config.status:1027: upnp/inc/upnpconfig.h is unchanged
config.status:1207: executing depfiles commands

## ---------------- ##
## Cache variables. ##
## ---------------- ##

ac_cv_build=x86_64-unknown-linux-gnu
ac_cv_build_alias=x86_64-unknown-linux-gnu
ac_cv_c_compiler_gnu=yes
ac_cv_c_const=yes
ac_cv_cflags_warn_all=-Wall
ac_cv_cxx_compiler_gnu=yes
ac_cv_env_CC_set=set
ac_cv_env_CC_value=mipsel-openwrt-linux-gcc
ac_cv_env_CFLAGS_set=
ac_cv_env_CFLAGS_value=
ac_cv_env_CPPFLAGS_set=
ac_cv_env_CPPFLAGS_value=
ac_cv_env_CPP_set=
ac_cv_env_CPP_value=
ac_cv_env_CXXCPP_set=
ac_cv_env_CXXCPP_value=
ac_cv_env_CXXFLAGS_set=
ac_cv_env_CXXFLAGS_value=
ac_cv_env_CXX_set=
ac_cv_env_CXX_value=
ac_cv_env_F77_set=
ac_cv_env_F77_value=
ac_cv_env_FFLAGS_set=
ac_cv_env_FFLAGS_value=
ac_cv_env_LDFLAGS_set=
ac_cv_env_LDFLAGS_value=
ac_cv_env_build_alias_set=
ac_cv_env_build_alias_value=
ac_cv_env_host_alias_set=set
ac_cv_env_host_alias_value=mipsel-openwrt-linux
ac_cv_env_target_alias_set=
ac_cv_env_target_alias_value=
ac_cv_exeext=
ac_cv_f77_compiler_gnu=no
ac_cv_func__doprnt=no
ac_cv_func_fseeko=yes
ac_cv_func_vprintf=yes
ac_cv_header_arpa_inet_h=yes
ac_cv_header_dlfcn_h=yes
ac_cv_header_fcntl_h=yes
ac_cv_header_inttypes_h=yes
ac_cv_header_limits_h=yes
ac_cv_header_malloc_h=yes
ac_cv_header_memory_h=yes
ac_cv_header_netdb_h=yes
ac_cv_header_netinet_in_h=yes
ac_cv_header_stdc=yes
ac_cv_header_stdint_h=yes
ac_cv_header_stdlib_h=yes
ac_cv_header_string_h=yes
ac_cv_header_strings_h=yes
ac_cv_header_sys_ioctl_h=yes
ac_cv_header_sys_socket_h=yes
ac_cv_header_sys_stat_h=yes
ac_cv_header_sys_time_h=yes
ac_cv_header_sys_timeb_h=yes
ac_cv_header_sys_types_h=yes
ac_cv_header_syslog_h=yes
ac_cv_header_unistd_h=yes
ac_cv_host=mipsel-openwrt-linux-gnu
ac_cv_host_alias=mipsel-openwrt-linux
ac_cv_objext=o
ac_cv_path_install='/usr/bin/install -c'
ac_cv_prog_AR=mipsel-openwrt-linux-ar
ac_cv_prog_AWK=gawk
ac_cv_prog_CC=mipsel-openwrt-linux-gcc
ac_cv_prog_CPP='mipsel-openwrt-linux-gcc -E'
ac_cv_prog_CXX=mipsel-openwrt-linux-g++
ac_cv_prog_CXXCPP='mipsel-openwrt-linux-g++ -E'
ac_cv_prog_PTHREAD_CC=mipsel-openwrt-linux-gcc
ac_cv_prog_RANLIB=mipsel-openwrt-linux-ranlib
ac_cv_prog_STRIP=mipsel-openwrt-linux-strip
ac_cv_prog_cc_g=yes
ac_cv_prog_cc_mipsel_openwrt_linux_gcc_c_o=yes
ac_cv_prog_cc_stdc=
ac_cv_prog_cxx_g=yes
ac_cv_prog_egrep='grep -E'
ac_cv_prog_f77_g=no
ac_cv_prog_make_make_set=yes
ac_cv_sys_file_offset_bits=64
ac_cv_sys_large_files=no
ac_cv_sys_largefile_CC=no
ac_cv_sys_largefile_source=no
ac_cv_type_size_t=yes
ac_cv_type_socklen_t=yes
am_cv_CC_dependencies_compiler_type=gcc3
am_cv_CXX_dependencies_compiler_type=gcc3
lt_cv_deplibs_check_method=pass_all
lt_cv_file_magic_cmd='$MAGIC_CMD'
lt_cv_file_magic_test_file=
lt_cv_ld_reload_flag=-r
lt_cv_objdir=.libs
lt_cv_path_LD=/home/fan/qz_proj/audio_dongle/openwrt/staging_dir/toolchain-mipsel_24kec+dsp_gcc-4.8-linaro_uClibc-0.9.33.2/mipsel-openwrt-linux-uclibc/bin/ld
lt_cv_path_LDCXX=/home/fan/qz_proj/audio_dongle/openwrt/staging_dir/toolchain-mipsel_24kec+dsp_gcc-4.8-linaro_uClibc-0.9.33.2/mipsel-openwrt-linux-uclibc/bin/ld
lt_cv_path_NM='/home/fan/qz_proj/audio_dongle/openwrt/staging_dir/toolchain-mipsel_24kec+dsp_gcc-4.8-linaro_uClibc-0.9.33.2/bin/mipsel-openwrt-linux-nm -B'
lt_cv_path_SED=/bin/sed
lt_cv_prog_compiler_c_o=yes
lt_cv_prog_compiler_c_o_CXX=yes
lt_cv_prog_compiler_rtti_exceptions=no
lt_cv_prog_gnu_ld=yes
lt_cv_prog_gnu_ldcxx=yes
lt_cv_sys_global_symbol_pipe='sed -n -e '\''s/^.*[ 	]\([ABCDGIRSTW][ABCDGIRSTW]*\)[ 	][ 	]*\([_A-Za-z][_A-Za-z0-9]*\)$/\1 \2 \2/p'\'''
lt_cv_sys_global_symbol_to_c_name_address='sed -n -e '\''s/^: \([^ ]*\) $/  {\"\1\", (lt_ptr) 0},/p'\'' -e '\''s/^[BCDEGRST] \([^ ]*\) \([^ ]*\)$/  {"\2", (lt_ptr) \&\2},/p'\'''
lt_cv_sys_global_symbol_to_cdecl='sed -n -e '\''s/^. .* \(.*\)$/extern int \1;/p'\'''
lt_cv_sys_max_cmd_len=32768
lt_lt_cv_prog_compiler_c_o='"yes"'
lt_lt_cv_prog_compiler_c_o_CXX='"yes"'
lt_lt_cv_sys_global_symbol_pipe='"sed -n -e '\''s/^.*[ 	]\\([ABCDGIRSTW][ABCDGIRSTW]*\\)[ 	][ 	]*\\([_A-Za-z][_A-Za-z0-9]*\\)\$/\\1 \\2 \\2/p'\''"'
lt_lt_cv_sys_global_symbol_to_c_name_address='"sed -n -e '\''s/^: \\([^ ]*\\) \$/  {\\\"\\1\\\", (lt_ptr) 0},/p'\'' -e '\''s/^[BCDEGRST] \\([^ ]*\\) \\([^ ]*\\)\$/  {\"\\2\", (lt_ptr) \\&\\2},/p'\''"'
lt_lt_cv_sys_global_symbol_to_cdecl='"sed -n -e '\''s/^. .* \\(.*\\)\$/extern int \\1;/p'\''"'

## ----------------- ##
## Output variables. ##
## ----------------- ##

ACLOCAL='${SHELL} /home/fan/test/mtksdk/RT288x_SDK/source/user/wsc_upnp/libupnp-1.3.1/config.aux/missing --run aclocal-1.9'
AMDEPBACKSLASH='\'
AMDEP_FALSE='#'
AMDEP_TRUE=''
AMTAR='${SHELL} /home/fan/test/mtksdk/RT288x_SDK/source/user/wsc_upnp/libupnp-1.3.1/config.aux/missing --run tar'
AR='mipsel-openwrt-linux-ar'
AUTOCONF='${SHELL} /home/fan/test/mtksdk/RT288x_SDK/source/user/wsc_upnp/libupnp-1.3.1/config.aux/missing --run autoconf'
AUTOHEADER='${SHELL} /home/fan/test/mtksdk/RT288x_SDK/source/user/wsc_upnp/libupnp-1.3.1/config.aux/missing --run autoheader'
AUTOMAKE='${SHELL} /home/fan/test/mtksdk/RT288x_SDK/source/user/wsc_upnp/libupnp-1.3.1/config.aux/missing --run automake-1.9'
AWK='gawk'
CC='mipsel-openwrt-linux-gcc'
CCDEPMODE='depmode=gcc3'
CFLAGS='-g -O2 -Wall'
CPP='mipsel-openwrt-linux-gcc -E'
CPPFLAGS=''
CXX='mipsel-openwrt-linux-g++'
CXXCPP='mipsel-openwrt-linux-g++ -E'
CXXDEPMODE='depmode=gcc3'
CXXFLAGS='-g -O2'
CYGPATH_W='echo'
DEFS='-DHAVE_CONFIG_H'
DEPDIR='.deps'
ECHO='echo'
ECHO_C=''
ECHO_N='-n'
ECHO_T=''
EGREP='grep -E'
ENABLE_CLIENT_FALSE='#'
ENABLE_CLIENT_TRUE=''
ENABLE_DEBUG_FALSE='#'
ENABLE_DEBUG_TRUE=''
ENABLE_DEVICE_FALSE='#'
ENABLE_DEVICE_TRUE=''
ENABLE_TOOLS_FALSE='#'
ENABLE_TOOLS_TRUE=''
ENABLE_WEBSERVER_FALSE='#'
ENABLE_WEBSERVER_TRUE=''
EXEEXT=''
F77=''
FFLAGS=''
INSTALL_DATA='${INSTALL} -m 644'
INSTALL_PROGRAM='${INSTALL}'
INSTALL_SCRIPT='${INSTALL}'
INSTALL_STRIP_PROGRAM='${SHELL} $(install_sh) -c -s'
LDFLAGS=''
LIBOBJS=''
LIBS=''
LIBTOOL='$(SHELL) $(top_builddir)/libtool'
LN_S='ln -s'
LTLIBOBJS=''
LT_VERSION_IXML='2:0:0'
LT_VERSION_THREADUTIL='2:0:0'
LT_VERSION_UPNP='2:1:0'
MAKEINFO='${SHELL} /home/fan/test/mtksdk/RT288x_SDK/source/user/wsc_upnp/libupnp-1.3.1/config.aux/missing --run makeinfo'
OBJEXT='o'
PACKAGE='libupnp'
PACKAGE_BUGREPORT='r3mi@users.sourceforge.net'
PACKAGE_NAME='libupnp'
PACKAGE_STRING='libupnp 1.3.1'
PACKAGE_TARNAME='libupnp'
PACKAGE_VERSION='1.3.1'
PATH_SEPARATOR=':'
PTHREAD_CC='mipsel-openwrt-linux-gcc'
PTHREAD_CFLAGS='-pthread'
PTHREAD_LIBS=''
RANLIB='mipsel-openwrt-linux-ranlib'
SED='/bin/sed'
SET_MAKE=''
SHELL='/bin/bash'
STRIP='mipsel-openwrt-linux-strip'
VERSION='1.3.1'
ac_ct_AR=''
ac_ct_CC=''
ac_ct_CXX=''
ac_ct_F77=''
ac_ct_RANLIB=''
ac_ct_STRIP=''
acx_pthread_config=''
am__fastdepCC_FALSE='#'
am__fastdepCC_TRUE=''
am__fastdepCXX_FALSE='#'
am__fastdepCXX_TRUE=''
am__include='include'
am__leading_dot='.'
am__quote=''
am__tar='${AMTAR} chof - "$$tardir"'
am__untar='${AMTAR} xf -'
bindir='${exec_prefix}/bin'
build='x86_64-unknown-linux-gnu'
build_alias=''
build_cpu='x86_64'
build_os='linux-gnu'
build_vendor='unknown'
datadir='${prefix}/share'
exec_prefix='${prefix}'
host='mipsel-openwrt-linux-gnu'
host_alias='mipsel-openwrt-linux'
host_cpu='mipsel'
host_os='linux-gnu'
host_vendor='openwrt'
includedir='${prefix}/include'
infodir='${prefix}/info'
install_sh='/home/fan/test/mtksdk/RT288x_SDK/source/user/wsc_upnp/libupnp-1.3.1/config.aux/install-sh'
libdir='${exec_prefix}/lib'
libexecdir='${exec_prefix}/libexec'
localstatedir='${prefix}/var'
mandir='${prefix}/man'
mkdir_p='mkdir -p --'
oldincludedir='/usr/include'
prefix='/home/fan/test/mtksdk/RT288x_SDK/source/user/wsc_upnp/libupnp-1.3.1/'
program_transform_name='s,x,x,'
sbindir='${exec_prefix}/sbin'
sharedstatedir='${prefix}/com'
sysconfdir='${prefix}/etc'
target_alias=''

## ----------- ##
## confdefs.h. ##
## ----------- ##

#define DEBUG 1
#define HAVE_ARPA_INET_H 1
#define HAVE_DLFCN_H 1
#define HAVE_FCNTL_H 1
#define HAVE_FSEEKO 1
#define HAVE_INTTYPES_H 1
#define HAVE_LIMITS_H 1
#define HAVE_MALLOC_H 1
#define HAVE_MEMORY_H 1
#define HAVE_NETDB_H 1
#define HAVE_NETINET_IN_H 1
#define HAVE_PTHREAD 1
#define HAVE_STDINT_H 1
#define HAVE_STDLIB_H 1
#define HAVE_STDLIB_H 1
#define HAVE_STRINGS_H 1
#define HAVE_STRING_H 1
#define HAVE_STRING_H 1
#define HAVE_SYSLOG_H 1
#define HAVE_SYS_IOCTL_H 1
#define HAVE_SYS_SOCKET_H 1
#define HAVE_SYS_STAT_H 1
#define HAVE_SYS_TIMEB_H 1
#define HAVE_SYS_TIME_H 1
#define HAVE_SYS_TYPES_H 1
#define HAVE_UNISTD_H 1
#define HAVE_UNISTD_H 1
#define HAVE_VPRINTF 1
#define PACKAGE "libupnp"
#define PACKAGE_BUGREPORT "r3mi@users.sourceforge.net"
#define PACKAGE_NAME "libupnp"
#define PACKAGE_STRING "libupnp 1.3.1"
#define PACKAGE_TARNAME "libupnp"
#define PACKAGE_VERSION "1.3.1"
#define STDC_HEADERS 1
#define STDC_HEADERS 1
#define UPNP_HAVE_CLIENT 1
#define UPNP_HAVE_DEBUG 1
#define UPNP_HAVE_DEVICE 1
#define UPNP_HAVE_TOOLS 1
#define UPNP_HAVE_WEBSERVER 1
#define UPNP_VERSION_MAJOR 1
#define UPNP_VERSION_MINOR 3
#define UPNP_VERSION_PATCH 1
#define UPNP_VERSION_STRING "1.3.1"
#define VERSION "1.3.1"
#define _FILE_OFFSET_BITS 64
#endif
#ifdef __cplusplus
extern "C" void exit (int) throw ();

configure: exit 0
